mode: set
phoenixnap.com/pnap-cli/commands/get/servers/getservers.go:37.54,38.21 1 1
phoenixnap.com/pnap-cli/commands/get/servers/getservers.go:42.3,42.24 1 1
phoenixnap.com/pnap-cli/commands/get/servers/getservers.go:38.21,41.4 2 1
phoenixnap.com/pnap-cli/commands/get/servers/getservers.go:46.40,54.20 6 1
phoenixnap.com/pnap-cli/commands/get/servers/getservers.go:60.2,60.16 1 1
phoenixnap.com/pnap-cli/commands/get/servers/getservers.go:54.20,56.3 1 1
phoenixnap.com/pnap-cli/commands/get/servers/getservers.go:56.8,58.3 1 1
phoenixnap.com/pnap-cli/commands/get/servers/getservers.go:60.16,62.3 1 1
phoenixnap.com/pnap-cli/commands/get/servers/getservers.go:62.8,62.35 1 1
phoenixnap.com/pnap-cli/commands/get/servers/getservers.go:62.35,63.21 1 1
phoenixnap.com/pnap-cli/commands/get/servers/getservers.go:63.21,65.4 1 1
phoenixnap.com/pnap-cli/commands/get/servers/getservers.go:65.9,67.4 1 1
phoenixnap.com/pnap-cli/commands/get/servers/getservers.go:68.8,70.3 1 0
phoenixnap.com/pnap-cli/commands/get/servers/getservers.go:73.13,76.2 2 1
phoenixnap.com/pnap-cli/commands/poweroff/server/poweroffserver.go:21.54,24.17 2 1
phoenixnap.com/pnap-cli/commands/poweroff/server/poweroffserver.go:31.3,32.13 2 1
phoenixnap.com/pnap-cli/commands/poweroff/server/poweroffserver.go:24.17,27.4 1 1
phoenixnap.com/pnap-cli/commands/poweroff/server/poweroffserver.go:27.9,27.40 1 1
phoenixnap.com/pnap-cli/commands/poweroff/server/poweroffserver.go:27.40,29.4 1 1
phoenixnap.com/pnap-cli/commands/poweroff/server/poweroffserver.go:36.14,37.2 0 1
phoenixnap.com/pnap-cli/commands/delete/server/deleteserver.go:22.54,25.17 2 1
phoenixnap.com/pnap-cli/commands/delete/server/deleteserver.go:31.3,32.13 2 1
phoenixnap.com/pnap-cli/commands/delete/server/deleteserver.go:25.17,27.4 1 1
phoenixnap.com/pnap-cli/commands/delete/server/deleteserver.go:27.9,27.40 1 1
phoenixnap.com/pnap-cli/commands/delete/server/deleteserver.go:27.40,29.4 1 1
phoenixnap.com/pnap-cli/commands/create/server/createserver.go:40.54,43.17 2 1
phoenixnap.com/pnap-cli/commands/create/server/createserver.go:48.3,50.17 2 1
phoenixnap.com/pnap-cli/commands/create/server/createserver.go:43.17,45.4 1 1
phoenixnap.com/pnap-cli/commands/create/server/createserver.go:50.17,53.4 1 1
phoenixnap.com/pnap-cli/commands/create/server/createserver.go:53.9,53.33 1 1
phoenixnap.com/pnap-cli/commands/create/server/createserver.go:53.33,55.4 1 1
phoenixnap.com/pnap-cli/commands/create/server/createserver.go:55.9,57.4 1 1
phoenixnap.com/pnap-cli/commands/create/server/createserver.go:61.13,66.2 4 1
phoenixnap.com/pnap-cli/commands/poweron/server/poweronserver.go:21.54,24.17 2 1
phoenixnap.com/pnap-cli/commands/poweron/server/poweronserver.go:31.3,32.13 2 1
phoenixnap.com/pnap-cli/commands/poweron/server/poweronserver.go:24.17,27.4 1 1
phoenixnap.com/pnap-cli/commands/poweron/server/poweronserver.go:27.9,27.40 1 1
phoenixnap.com/pnap-cli/commands/poweron/server/poweronserver.go:27.40,29.4 1 1
phoenixnap.com/pnap-cli/commands/poweron/server/poweronserver.go:36.14,37.2 0 1
phoenixnap.com/pnap-cli/commands/reboot/server/rebootserver.go:21.54,24.17 2 1
phoenixnap.com/pnap-cli/commands/reboot/server/rebootserver.go:31.3,32.13 2 1
phoenixnap.com/pnap-cli/commands/reboot/server/rebootserver.go:24.17,27.4 1 1
phoenixnap.com/pnap-cli/commands/reboot/server/rebootserver.go:27.9,27.40 1 1
phoenixnap.com/pnap-cli/commands/reboot/server/rebootserver.go:27.40,29.4 1 1
phoenixnap.com/pnap-cli/commands/reboot/server/rebootserver.go:36.14,36.15 0 1
phoenixnap.com/pnap-cli/commands/reset/server/resetserver.go:34.54,37.17 2 1
phoenixnap.com/pnap-cli/commands/reset/server/resetserver.go:41.3,43.17 2 1
phoenixnap.com/pnap-cli/commands/reset/server/resetserver.go:50.3,52.13 2 1
phoenixnap.com/pnap-cli/commands/reset/server/resetserver.go:37.17,39.4 1 1
phoenixnap.com/pnap-cli/commands/reset/server/resetserver.go:43.17,46.4 1 1
phoenixnap.com/pnap-cli/commands/reset/server/resetserver.go:46.9,46.36 1 1
phoenixnap.com/pnap-cli/commands/reset/server/resetserver.go:46.36,48.4 1 1
phoenixnap.com/pnap-cli/commands/reset/server/resetserver.go:56.13,59.2 2 1
phoenixnap.com/pnap-cli/commands/shutdown/server/shutdownserver.go:21.54,24.17 2 1
phoenixnap.com/pnap-cli/commands/shutdown/server/shutdownserver.go:30.3,31.13 2 1
phoenixnap.com/pnap-cli/commands/shutdown/server/shutdownserver.go:24.17,26.4 1 1
phoenixnap.com/pnap-cli/commands/shutdown/server/shutdownserver.go:26.9,26.40 1 1
phoenixnap.com/pnap-cli/commands/shutdown/server/shutdownserver.go:26.40,28.4 1 1
phoenixnap.com/pnap-cli/common/printer/printer.go:29.31,33.2 1 1
phoenixnap.com/pnap-cli/common/printer/printer.go:37.83,38.28 1 1
phoenixnap.com/pnap-cli/common/printer/printer.go:38.28,40.3 1 1
phoenixnap.com/pnap-cli/common/printer/printer.go:40.8,40.35 1 1
phoenixnap.com/pnap-cli/common/printer/printer.go:40.35,42.3 1 1
phoenixnap.com/pnap-cli/common/printer/printer.go:42.8,44.3 1 1
phoenixnap.com/pnap-cli/common/printer/printer.go:48.60,50.16 2 1
phoenixnap.com/pnap-cli/common/printer/printer.go:54.2,55.12 2 1
phoenixnap.com/pnap-cli/common/printer/printer.go:50.16,52.3 1 0
phoenixnap.com/pnap-cli/common/printer/printer.go:59.60,61.16 2 1
phoenixnap.com/pnap-cli/common/printer/printer.go:65.2,66.12 2 1
phoenixnap.com/pnap-cli/common/printer/printer.go:61.16,63.3 1 0
phoenixnap.com/pnap-cli/common/printer/printer.go:70.95,76.37 4 1
phoenixnap.com/pnap-cli/common/printer/printer.go:84.2,84.15 1 1
phoenixnap.com/pnap-cli/common/printer/printer.go:91.2,91.12 1 1
phoenixnap.com/pnap-cli/common/printer/printer.go:77.21,79.30 2 1
phoenixnap.com/pnap-cli/common/printer/printer.go:80.10,81.26 1 1
phoenixnap.com/pnap-cli/common/printer/printer.go:84.15,87.3 2 1
phoenixnap.com/pnap-cli/common/printer/printer.go:87.8,87.23 1 1
phoenixnap.com/pnap-cli/common/printer/printer.go:87.23,89.3 1 0
phoenixnap.com/pnap-cli/common/printer/printer.go:94.27,96.2 1 0
phoenixnap.com/pnap-cli/common/printer/serverprinter.go:9.85,12.2 2 0
phoenixnap.com/pnap-cli/common/printer/serverprinter.go:14.92,17.2 2 0
phoenixnap.com/pnap-cli/common/printer/serverprinter.go:19.76,22.9 2 0
phoenixnap.com/pnap-cli/common/printer/serverprinter.go:23.21,24.42 1 0
phoenixnap.com/pnap-cli/common/printer/serverprinter.go:25.22,26.43 1 0
phoenixnap.com/pnap-cli/common/printer/serverprinter.go:27.12,28.37 1 0
phoenixnap.com/pnap-cli/common/printer/serverprinter.go:29.10,30.38 1 0
phoenixnap.com/pnap-cli/common/printer/serverprinter.go:34.85,37.36 2 0
phoenixnap.com/pnap-cli/common/printer/serverprinter.go:41.2,41.19 1 0
phoenixnap.com/pnap-cli/common/printer/serverprinter.go:37.36,39.3 1 0
