mode: set
phoenixnap.com/pnapctl/common/models/tagmodels/resourceassignment.go:14.85,19.2 1 1
phoenixnap.com/pnapctl/common/models/tagmodels/resourceassignment.go:21.94,22.23 1 1
phoenixnap.com/pnapctl/common/models/tagmodels/resourceassignment.go:26.2,29.3 1 1
phoenixnap.com/pnapctl/common/models/tagmodels/resourceassignment.go:22.23,24.3 1 1
phoenixnap.com/pnapctl/common/models/tagmodels/resourceassignment.go:32.95,35.37 2 0
phoenixnap.com/pnapctl/common/models/tagmodels/resourceassignment.go:41.2,41.71 1 0
phoenixnap.com/pnapctl/common/models/tagmodels/resourceassignment.go:35.37,37.3 1 0
phoenixnap.com/pnapctl/common/models/tagmodels/resourceassignment.go:37.8,39.3 1 0
phoenixnap.com/pnapctl/common/models/tagmodels/tag.go:16.40,19.36 2 1
phoenixnap.com/pnapctl/common/models/tagmodels/tag.go:26.2,33.3 1 1
phoenixnap.com/pnapctl/common/models/tagmodels/tag.go:19.36,21.55 2 1
phoenixnap.com/pnapctl/common/models/tagmodels/tag.go:21.55,23.4 1 1
phoenixnap.com/pnapctl/common/models/tagmodels/tag.go:36.42,39.16 2 1
phoenixnap.com/pnapctl/common/models/tagmodels/tag.go:43.2,43.36 1 1
phoenixnap.com/pnapctl/common/models/tagmodels/tag.go:50.2,57.3 1 1
phoenixnap.com/pnapctl/common/models/tagmodels/tag.go:39.16,41.3 1 1
phoenixnap.com/pnapctl/common/models/tagmodels/tag.go:43.36,45.55 2 1
phoenixnap.com/pnapctl/common/models/tagmodels/tag.go:45.55,47.4 1 1
phoenixnap.com/pnapctl/common/models/tagmodels/tagcreate.go:14.58,20.2 1 1
phoenixnap.com/pnapctl/common/models/tagmodels/tagcreate.go:22.66,23.22 1 1
phoenixnap.com/pnapctl/common/models/tagmodels/tagcreate.go:27.2,31.3 1 1
phoenixnap.com/pnapctl/common/models/tagmodels/tagcreate.go:23.22,25.3 1 1
phoenixnap.com/pnapctl/common/models/tagmodels/tagcreate.go:34.97,39.16 3 0
phoenixnap.com/pnapctl/common/models/tagmodels/tagcreate.go:43.2,47.16 3 0
phoenixnap.com/pnapctl/common/models/tagmodels/tagcreate.go:51.2,53.26 2 0
phoenixnap.com/pnapctl/common/models/tagmodels/tagcreate.go:39.16,41.3 1 0
phoenixnap.com/pnapctl/common/models/tagmodels/tagcreate.go:47.16,49.3 1 0
phoenixnap.com/pnapctl/common/models/tagmodels/taggenerator.go:8.35,17.2 2 1
phoenixnap.com/pnapctl/common/models/tagmodels/taggenerator.go:19.28,28.2 2 1
phoenixnap.com/pnapctl/common/models/tagmodels/taggenerator.go:30.47,36.2 1 1
phoenixnap.com/pnapctl/common/models/tagmodels/taggenerator.go:38.40,44.2 1 1
phoenixnap.com/pnapctl/common/models/tagmodels/taggenerator.go:46.47,52.2 1 1
phoenixnap.com/pnapctl/common/models/tagmodels/taggenerator.go:54.40,60.2 1 1
phoenixnap.com/pnapctl/common/models/tagmodels/taggenerator.go:62.42,64.25 2 0
phoenixnap.com/pnapctl/common/models/tagmodels/taggenerator.go:67.2,67.16 1 0
phoenixnap.com/pnapctl/common/models/tagmodels/taggenerator.go:64.25,66.3 1 0
phoenixnap.com/pnapctl/common/models/tagmodels/taggenerator.go:70.56,75.2 1 0
phoenixnap.com/pnapctl/common/models/tagmodels/taggenerator.go:77.65,82.2 1 1
phoenixnap.com/pnapctl/common/models/tagmodels/taggenerator.go:84.58,89.2 1 1
phoenixnap.com/pnapctl/common/models/tagmodels/tagupdate.go:14.58,20.2 1 1
phoenixnap.com/pnapctl/common/models/tagmodels/tagupdate.go:22.66,23.22 1 1
phoenixnap.com/pnapctl/common/models/tagmodels/tagupdate.go:27.2,31.3 1 1
phoenixnap.com/pnapctl/common/models/tagmodels/tagupdate.go:23.22,25.3 1 1
phoenixnap.com/pnapctl/common/models/tagmodels/tagupdate.go:34.97,39.16 3 0
phoenixnap.com/pnapctl/common/models/tagmodels/tagupdate.go:43.2,47.16 3 0
phoenixnap.com/pnapctl/common/models/tagmodels/tagupdate.go:51.2,53.26 2 0
phoenixnap.com/pnapctl/common/models/tagmodels/tagupdate.go:39.16,41.3 1 0
phoenixnap.com/pnapctl/common/models/tagmodels/tagupdate.go:47.16,49.3 1 0
phoenixnap.com/pnapctl/commands/create/privatenetwork/createprivatenetwork.go:34.54,37.17 2 1
phoenixnap.com/pnapctl/commands/create/privatenetwork/createprivatenetwork.go:42.3,44.60 2 1
phoenixnap.com/pnapctl/commands/create/privatenetwork/createprivatenetwork.go:37.17,39.4 1 1
phoenixnap.com/pnapctl/commands/create/privatenetwork/createprivatenetwork.go:44.60,46.4 1 1
phoenixnap.com/pnapctl/commands/create/privatenetwork/createprivatenetwork.go:46.9,46.24 1 1
phoenixnap.com/pnapctl/commands/create/privatenetwork/createprivatenetwork.go:46.24,48.4 1 1
phoenixnap.com/pnapctl/commands/create/privatenetwork/createprivatenetwork.go:48.9,50.4 1 1
phoenixnap.com/pnapctl/commands/create/privatenetwork/createprivatenetwork.go:54.13,58.2 3 1
phoenixnap.com/pnapctl/commands/create/cluster/createcluster.go:32.54,35.17 2 1
phoenixnap.com/pnapctl/commands/create/cluster/createcluster.go:39.3,42.29 3 1
phoenixnap.com/pnapctl/commands/create/cluster/createcluster.go:35.17,37.4 1 1
phoenixnap.com/pnapctl/commands/create/cluster/createcluster.go:42.29,44.4 1 1
phoenixnap.com/pnapctl/commands/create/cluster/createcluster.go:44.9,46.4 1 1
phoenixnap.com/pnapctl/commands/create/cluster/createcluster.go:50.13,54.2 3 1
phoenixnap.com/pnapctl/commands/create/server/createserver.go:40.54,43.17 2 1
phoenixnap.com/pnapctl/commands/create/server/createserver.go:48.3,51.29 3 1
phoenixnap.com/pnapctl/commands/create/server/createserver.go:43.17,45.4 1 1
phoenixnap.com/pnapctl/commands/create/server/createserver.go:51.29,53.4 1 1
phoenixnap.com/pnapctl/commands/create/server/createserver.go:53.9,55.4 1 1
phoenixnap.com/pnapctl/commands/create/server/createserver.go:59.13,64.2 4 1
phoenixnap.com/pnapctl/commands/create/server/privatenetwork/createserver_privatenetwork.go:37.54,40.17 2 1
phoenixnap.com/pnapctl/commands/create/server/privatenetwork/createserver_privatenetwork.go:45.3,49.29 3 1
phoenixnap.com/pnapctl/commands/create/server/privatenetwork/createserver_privatenetwork.go:40.17,42.4 1 1
phoenixnap.com/pnapctl/commands/create/server/privatenetwork/createserver_privatenetwork.go:49.29,51.4 1 1
phoenixnap.com/pnapctl/commands/create/server/privatenetwork/createserver_privatenetwork.go:51.9,53.4 1 1
phoenixnap.com/pnapctl/commands/create/server/privatenetwork/createserver_privatenetwork.go:57.13,61.2 3 1
phoenixnap.com/pnapctl/commands/create/sshkey/createsshkey.go:34.54,37.17 2 1
phoenixnap.com/pnapctl/commands/create/sshkey/createsshkey.go:42.3,45.29 3 1
phoenixnap.com/pnapctl/commands/create/sshkey/createsshkey.go:37.17,39.4 1 1
phoenixnap.com/pnapctl/commands/create/sshkey/createsshkey.go:45.29,47.4 1 1
phoenixnap.com/pnapctl/commands/create/sshkey/createsshkey.go:47.9,49.4 1 1
phoenixnap.com/pnapctl/commands/create/sshkey/createsshkey.go:53.13,58.2 4 1
phoenixnap.com/pnapctl/commands/create/tag/createtag.go:33.54,36.17 2 1
phoenixnap.com/pnapctl/commands/create/tag/createtag.go:41.3,44.29 3 1
phoenixnap.com/pnapctl/commands/create/tag/createtag.go:36.17,38.4 1 1
phoenixnap.com/pnapctl/commands/create/tag/createtag.go:44.29,46.4 1 1
phoenixnap.com/pnapctl/commands/create/tag/createtag.go:46.9,48.4 1 1
phoenixnap.com/pnapctl/commands/create/tag/createtag.go:52.13,56.2 3 1
phoenixnap.com/pnapctl/commands/delete/cluster/deletecluster.go:20.54,24.29 3 1
phoenixnap.com/pnapctl/commands/delete/cluster/deletecluster.go:24.29,26.4 1 1
phoenixnap.com/pnapctl/commands/delete/cluster/deletecluster.go:26.9,29.4 2 1
phoenixnap.com/pnapctl/commands/delete/privatenetwork/deleteprivatenetwork.go:19.54,22.60 2 1
phoenixnap.com/pnapctl/commands/delete/privatenetwork/deleteprivatenetwork.go:28.3,28.13 1 1
phoenixnap.com/pnapctl/commands/delete/privatenetwork/deleteprivatenetwork.go:22.60,24.4 1 1
phoenixnap.com/pnapctl/commands/delete/privatenetwork/deleteprivatenetwork.go:24.9,24.24 1 1
phoenixnap.com/pnapctl/commands/delete/privatenetwork/deleteprivatenetwork.go:24.24,26.4 1 1
phoenixnap.com/pnapctl/commands/delete/server/deleteserver.go:22.54,26.29 3 1
phoenixnap.com/pnapctl/commands/delete/server/deleteserver.go:26.29,28.4 1 1
phoenixnap.com/pnapctl/commands/delete/server/deleteserver.go:28.9,31.4 2 1
phoenixnap.com/pnapctl/commands/delete/sshkey/deletesshkey.go:20.54,24.29 3 1
phoenixnap.com/pnapctl/commands/delete/sshkey/deletesshkey.go:24.29,26.4 1 1
phoenixnap.com/pnapctl/commands/delete/sshkey/deletesshkey.go:26.9,29.4 2 1
phoenixnap.com/pnapctl/commands/delete/server/privatenetwork/deleteserver_privatenetwork.go:28.54,32.29 3 1
phoenixnap.com/pnapctl/commands/delete/server/privatenetwork/deleteserver_privatenetwork.go:32.29,34.4 1 1
phoenixnap.com/pnapctl/commands/delete/server/privatenetwork/deleteserver_privatenetwork.go:34.9,37.4 2 1
phoenixnap.com/pnapctl/commands/delete/tag/deletetag.go:20.54,24.29 3 1
phoenixnap.com/pnapctl/commands/delete/tag/deletetag.go:24.29,26.4 1 1
phoenixnap.com/pnapctl/commands/delete/tag/deletetag.go:26.9,29.4 2 1
phoenixnap.com/pnapctl/commands/get/clusters/getclusters.go:36.54,37.21 1 1
phoenixnap.com/pnapctl/commands/get/clusters/getclusters.go:41.3,41.25 1 1
phoenixnap.com/pnapctl/commands/get/clusters/getclusters.go:37.21,40.4 2 1
phoenixnap.com/pnapctl/commands/get/clusters/getclusters.go:45.42,51.21 5 1
phoenixnap.com/pnapctl/commands/get/clusters/getclusters.go:57.2,59.28 2 1
phoenixnap.com/pnapctl/commands/get/clusters/getclusters.go:51.21,53.3 1 1
phoenixnap.com/pnapctl/commands/get/clusters/getclusters.go:53.8,55.3 1 1
phoenixnap.com/pnapctl/commands/get/clusters/getclusters.go:59.28,61.3 1 1
phoenixnap.com/pnapctl/commands/get/clusters/getclusters.go:61.8,62.22 1 1
phoenixnap.com/pnapctl/commands/get/clusters/getclusters.go:62.22,64.4 1 1
phoenixnap.com/pnapctl/commands/get/clusters/getclusters.go:64.9,66.4 1 1
phoenixnap.com/pnapctl/commands/get/clusters/getclusters.go:70.13,72.2 1 1
phoenixnap.com/pnapctl/commands/get/events/getevents.go:26.54,28.3 1 1
phoenixnap.com/pnapctl/commands/get/events/getevents.go:31.24,33.16 2 1
phoenixnap.com/pnapctl/commands/get/events/getevents.go:37.2,40.28 3 1
phoenixnap.com/pnapctl/commands/get/events/getevents.go:33.16,35.3 1 1
phoenixnap.com/pnapctl/commands/get/events/getevents.go:40.28,42.3 1 1
phoenixnap.com/pnapctl/commands/get/events/getevents.go:42.8,44.3 1 1
phoenixnap.com/pnapctl/commands/get/events/getevents.go:55.13,64.2 8 1
phoenixnap.com/pnapctl/commands/get/quotas/getquotas.go:35.54,36.21 1 1
phoenixnap.com/pnapctl/commands/get/quotas/getquotas.go:40.3,40.23 1 1
phoenixnap.com/pnapctl/commands/get/quotas/getquotas.go:36.21,39.4 2 1
phoenixnap.com/pnapctl/commands/get/quotas/getquotas.go:44.38,50.19 5 1
phoenixnap.com/pnapctl/commands/get/quotas/getquotas.go:56.2,58.28 2 1
phoenixnap.com/pnapctl/commands/get/quotas/getquotas.go:50.19,52.3 1 1
phoenixnap.com/pnapctl/commands/get/quotas/getquotas.go:52.8,54.3 1 1
phoenixnap.com/pnapctl/commands/get/quotas/getquotas.go:58.28,60.3 1 1
phoenixnap.com/pnapctl/commands/get/quotas/getquotas.go:60.8,61.20 1 1
phoenixnap.com/pnapctl/commands/get/quotas/getquotas.go:61.20,63.4 1 1
phoenixnap.com/pnapctl/commands/get/quotas/getquotas.go:63.9,65.4 1 1
phoenixnap.com/pnapctl/commands/get/quotas/getquotas.go:69.13,71.2 1 1
phoenixnap.com/pnapctl/commands/get/privatenetwork/getprivatenetworks.go:36.54,37.21 1 1
phoenixnap.com/pnapctl/commands/get/privatenetwork/getprivatenetworks.go:41.3,41.32 1 1
phoenixnap.com/pnapctl/commands/get/privatenetwork/getprivatenetworks.go:37.21,40.4 2 1
phoenixnap.com/pnapctl/commands/get/privatenetwork/getprivatenetworks.go:45.56,51.28 5 1
phoenixnap.com/pnapctl/commands/get/privatenetwork/getprivatenetworks.go:57.2,57.59 1 1
phoenixnap.com/pnapctl/commands/get/privatenetwork/getprivatenetworks.go:51.28,53.3 1 1
phoenixnap.com/pnapctl/commands/get/privatenetwork/getprivatenetworks.go:53.8,55.3 1 1
phoenixnap.com/pnapctl/commands/get/privatenetwork/getprivatenetworks.go:57.59,59.3 1 1
phoenixnap.com/pnapctl/commands/get/privatenetwork/getprivatenetworks.go:59.8,59.23 1 1
phoenixnap.com/pnapctl/commands/get/privatenetwork/getprivatenetworks.go:59.23,61.3 1 1
phoenixnap.com/pnapctl/commands/get/privatenetwork/getprivatenetworks.go:61.8,62.29 1 1
phoenixnap.com/pnapctl/commands/get/privatenetwork/getprivatenetworks.go:62.29,64.4 1 1
phoenixnap.com/pnapctl/commands/get/privatenetwork/getprivatenetworks.go:64.9,66.4 1 1
phoenixnap.com/pnapctl/commands/get/privatenetwork/getprivatenetworks.go:70.13,73.2 2 1
phoenixnap.com/pnapctl/commands/get/servers/getservers.go:37.54,38.21 1 1
phoenixnap.com/pnapctl/commands/get/servers/getservers.go:42.3,42.24 1 1
phoenixnap.com/pnapctl/commands/get/servers/getservers.go:38.21,41.4 2 1
phoenixnap.com/pnapctl/commands/get/servers/getservers.go:46.40,52.20 5 1
phoenixnap.com/pnapctl/commands/get/servers/getservers.go:58.2,60.28 2 1
phoenixnap.com/pnapctl/commands/get/servers/getservers.go:52.20,54.3 1 1
phoenixnap.com/pnapctl/commands/get/servers/getservers.go:54.8,56.3 1 1
phoenixnap.com/pnapctl/commands/get/servers/getservers.go:60.28,62.3 1 1
phoenixnap.com/pnapctl/commands/get/servers/getservers.go:62.8,63.21 1 1
phoenixnap.com/pnapctl/commands/get/servers/getservers.go:63.21,65.4 1 1
phoenixnap.com/pnapctl/commands/get/servers/getservers.go:65.9,67.4 1 1
phoenixnap.com/pnapctl/commands/get/servers/getservers.go:71.13,75.2 3 1
phoenixnap.com/pnapctl/commands/get/sshkeys/getsshkeys.go:36.54,37.21 1 1
phoenixnap.com/pnapctl/commands/get/sshkeys/getsshkeys.go:41.3,41.24 1 1
phoenixnap.com/pnapctl/commands/get/sshkeys/getsshkeys.go:37.21,40.4 2 1
phoenixnap.com/pnapctl/commands/get/sshkeys/getsshkeys.go:45.40,51.20 5 1
phoenixnap.com/pnapctl/commands/get/sshkeys/getsshkeys.go:57.2,59.28 2 1
phoenixnap.com/pnapctl/commands/get/sshkeys/getsshkeys.go:51.20,53.3 1 1
phoenixnap.com/pnapctl/commands/get/sshkeys/getsshkeys.go:53.8,55.3 1 1
phoenixnap.com/pnapctl/commands/get/sshkeys/getsshkeys.go:59.28,61.3 1 1
phoenixnap.com/pnapctl/commands/get/sshkeys/getsshkeys.go:61.8,62.21 1 1
phoenixnap.com/pnapctl/commands/get/sshkeys/getsshkeys.go:62.21,64.4 1 1
phoenixnap.com/pnapctl/commands/get/sshkeys/getsshkeys.go:64.9,66.4 1 1
phoenixnap.com/pnapctl/commands/get/sshkeys/getsshkeys.go:70.13,73.2 2 1
phoenixnap.com/pnapctl/commands/get/tags/gettags.go:38.54,39.21 1 1
phoenixnap.com/pnapctl/commands/get/tags/gettags.go:43.3,43.21 1 1
phoenixnap.com/pnapctl/commands/get/tags/gettags.go:39.21,42.4 2 1
phoenixnap.com/pnapctl/commands/get/tags/gettags.go:47.34,53.17 5 1
phoenixnap.com/pnapctl/commands/get/tags/gettags.go:59.2,61.28 2 1
phoenixnap.com/pnapctl/commands/get/tags/gettags.go:53.17,55.3 1 1
phoenixnap.com/pnapctl/commands/get/tags/gettags.go:55.8,57.3 1 1
phoenixnap.com/pnapctl/commands/get/tags/gettags.go:61.28,63.3 1 1
phoenixnap.com/pnapctl/commands/get/tags/gettags.go:63.8,64.18 1 1
phoenixnap.com/pnapctl/commands/get/tags/gettags.go:64.18,66.4 1 1
phoenixnap.com/pnapctl/commands/get/tags/gettags.go:66.9,68.4 1 1
phoenixnap.com/pnapctl/commands/get/tags/gettags.go:72.13,75.2 2 1
phoenixnap.com/pnapctl/commands/patch/server/patchserver.go:34.54,36.17 2 1
phoenixnap.com/pnapctl/commands/patch/server/patchserver.go:40.3,43.29 3 1
phoenixnap.com/pnapctl/commands/patch/server/patchserver.go:36.17,38.4 1 1
phoenixnap.com/pnapctl/commands/patch/server/patchserver.go:43.29,45.4 1 1
phoenixnap.com/pnapctl/commands/patch/server/patchserver.go:45.9,47.4 1 1
phoenixnap.com/pnapctl/commands/patch/server/patchserver.go:51.13,56.2 4 1
phoenixnap.com/pnapctl/commands/poweroff/server/poweroffserver.go:21.54,25.29 3 1
phoenixnap.com/pnapctl/commands/poweroff/server/poweroffserver.go:25.29,27.4 1 1
phoenixnap.com/pnapctl/commands/poweroff/server/poweroffserver.go:27.9,30.4 2 1
phoenixnap.com/pnapctl/commands/poweroff/server/poweroffserver.go:34.14,35.2 0 1
phoenixnap.com/pnapctl/commands/patch/tag/patchtag.go:32.54,34.17 2 1
phoenixnap.com/pnapctl/commands/patch/tag/patchtag.go:38.3,41.29 3 1
phoenixnap.com/pnapctl/commands/patch/tag/patchtag.go:34.17,36.4 1 1
phoenixnap.com/pnapctl/commands/patch/tag/patchtag.go:41.29,43.4 1 1
phoenixnap.com/pnapctl/commands/patch/tag/patchtag.go:43.9,45.4 1 1
phoenixnap.com/pnapctl/commands/patch/tag/patchtag.go:49.13,53.2 3 1
phoenixnap.com/pnapctl/commands/poweron/server/poweronserver.go:21.54,25.29 3 1
phoenixnap.com/pnapctl/commands/poweron/server/poweronserver.go:25.29,27.4 1 1
phoenixnap.com/pnapctl/commands/poweron/server/poweronserver.go:27.9,30.4 2 1
phoenixnap.com/pnapctl/commands/poweron/server/poweronserver.go:34.14,35.2 0 1
phoenixnap.com/pnapctl/commands/reboot/server/rebootserver.go:21.54,25.29 3 1
phoenixnap.com/pnapctl/commands/reboot/server/rebootserver.go:25.29,27.4 1 1
phoenixnap.com/pnapctl/commands/reboot/server/rebootserver.go:27.9,30.4 2 1
phoenixnap.com/pnapctl/commands/reboot/server/rebootserver.go:34.14,34.15 0 1
phoenixnap.com/pnapctl/commands/requestedit/quotas/requesteditquota.go:32.54,34.17 2 1
phoenixnap.com/pnapctl/commands/requestedit/quotas/requesteditquota.go:38.3,41.29 3 1
phoenixnap.com/pnapctl/commands/requestedit/quotas/requesteditquota.go:34.17,36.4 1 1
phoenixnap.com/pnapctl/commands/requestedit/quotas/requesteditquota.go:41.29,43.4 1 1
phoenixnap.com/pnapctl/commands/requestedit/quotas/requesteditquota.go:43.9,46.4 2 1
phoenixnap.com/pnapctl/commands/requestedit/quotas/requesteditquota.go:50.13,53.2 2 1
phoenixnap.com/pnapctl/commands/reset/server/resetserver.go:39.54,42.17 2 1
phoenixnap.com/pnapctl/commands/reset/server/resetserver.go:46.3,49.29 3 1
phoenixnap.com/pnapctl/commands/reset/server/resetserver.go:42.17,44.4 1 1
phoenixnap.com/pnapctl/commands/reset/server/resetserver.go:49.29,51.4 1 1
phoenixnap.com/pnapctl/commands/reset/server/resetserver.go:51.9,54.4 2 1
phoenixnap.com/pnapctl/commands/reset/server/resetserver.go:58.13,61.2 1 1
phoenixnap.com/pnapctl/commands/reset/server/resetserver.go:63.59,64.23 1 1
phoenixnap.com/pnapctl/commands/reset/server/resetserver.go:64.23,66.3 1 1
phoenixnap.com/pnapctl/commands/reset/server/resetserver.go:66.8,68.3 1 1
phoenixnap.com/pnapctl/commands/shutdown/server/shutdownserver.go:21.54,25.29 3 1
phoenixnap.com/pnapctl/commands/shutdown/server/shutdownserver.go:25.29,27.4 1 1
phoenixnap.com/pnapctl/commands/shutdown/server/shutdownserver.go:27.9,30.4 2 1
phoenixnap.com/pnapctl/commands/reserve/server/reserveserver.go:34.54,37.17 2 1
phoenixnap.com/pnapctl/commands/reserve/server/reserveserver.go:41.3,44.29 3 1
phoenixnap.com/pnapctl/commands/reserve/server/reserveserver.go:37.17,39.4 1 1
phoenixnap.com/pnapctl/commands/reserve/server/reserveserver.go:44.29,46.4 1 1
phoenixnap.com/pnapctl/commands/reserve/server/reserveserver.go:46.9,48.4 1 1
phoenixnap.com/pnapctl/commands/reserve/server/reserveserver.go:52.13,57.2 4 1
phoenixnap.com/pnapctl/commands/tag/server/tagserver.go:39.54,41.17 2 1
phoenixnap.com/pnapctl/commands/tag/server/tagserver.go:45.3,48.29 3 1
phoenixnap.com/pnapctl/commands/tag/server/tagserver.go:41.17,43.4 1 1
phoenixnap.com/pnapctl/commands/tag/server/tagserver.go:48.29,50.4 1 1
phoenixnap.com/pnapctl/commands/tag/server/tagserver.go:50.9,52.4 1 1
phoenixnap.com/pnapctl/commands/tag/server/tagserver.go:56.13,61.2 4 1
phoenixnap.com/pnapctl/commands/tag/server/tagserver.go:63.130,65.27 1 1
phoenixnap.com/pnapctl/commands/tag/server/tagserver.go:65.27,67.3 1 1
phoenixnap.com/pnapctl/commands/tag/server/tagserver.go:67.8,69.3 1 1
phoenixnap.com/pnapctl/commands/update/sshkey/updatesshkey.go:33.54,36.17 2 1
phoenixnap.com/pnapctl/commands/update/sshkey/updatesshkey.go:41.3,44.29 3 1
phoenixnap.com/pnapctl/commands/update/sshkey/updatesshkey.go:36.17,38.4 1 1
phoenixnap.com/pnapctl/commands/update/sshkey/updatesshkey.go:44.29,46.4 1 1
phoenixnap.com/pnapctl/commands/update/sshkey/updatesshkey.go:46.9,48.4 1 1
phoenixnap.com/pnapctl/commands/update/sshkey/updatesshkey.go:52.13,57.2 4 1
phoenixnap.com/pnapctl/common/printer/tagprinter.go:9.68,12.2 2 0
phoenixnap.com/pnapctl/common/printer/tagprinter.go:14.75,17.2 2 0
phoenixnap.com/pnapctl/common/printer/tagprinter.go:19.59,22.9 2 1
phoenixnap.com/pnapctl/common/printer/tagprinter.go:23.13,24.32 1 1
phoenixnap.com/pnapctl/common/printer/tagprinter.go:25.10,26.37 1 1
phoenixnap.com/pnapctl/common/printer/tagprinter.go:30.68,33.27 2 1
phoenixnap.com/pnapctl/common/printer/tagprinter.go:37.2,37.16 1 1
phoenixnap.com/pnapctl/common/printer/tagprinter.go:33.27,35.3 1 1
phoenixnap.com/pnapctl/common/printer/clusterprinter.go:9.81,12.2 2 0
phoenixnap.com/pnapctl/common/printer/clusterprinter.go:14.88,17.2 2 0
phoenixnap.com/pnapctl/common/printer/clusterprinter.go:19.72,22.9 2 1
phoenixnap.com/pnapctl/common/printer/clusterprinter.go:23.13,24.40 1 1
phoenixnap.com/pnapctl/common/printer/clusterprinter.go:25.10,26.47 1 1
phoenixnap.com/pnapctl/common/printer/clusterprinter.go:30.81,33.35 2 1
phoenixnap.com/pnapctl/common/printer/clusterprinter.go:37.2,37.20 1 1
phoenixnap.com/pnapctl/common/printer/clusterprinter.go:33.35,35.3 1 1
phoenixnap.com/pnapctl/common/printer/eventprinter.go:9.83,12.2 2 0
phoenixnap.com/pnapctl/common/printer/eventprinter.go:14.67,17.9 2 1
phoenixnap.com/pnapctl/common/printer/eventprinter.go:18.13,19.36 1 1
phoenixnap.com/pnapctl/common/printer/eventprinter.go:20.10,21.42 1 1
phoenixnap.com/pnapctl/common/printer/eventprinter.go:25.76,28.31 2 1
phoenixnap.com/pnapctl/common/printer/eventprinter.go:32.2,32.18 1 1
phoenixnap.com/pnapctl/common/printer/eventprinter.go:28.31,30.3 1 1
phoenixnap.com/pnapctl/common/printer/networkprinter.go:9.95,12.2 2 0
phoenixnap.com/pnapctl/common/printer/networkprinter.go:14.102,17.2 2 0
phoenixnap.com/pnapctl/common/printer/networkprinter.go:19.86,22.9 2 1
phoenixnap.com/pnapctl/common/printer/networkprinter.go:23.13,24.47 1 1
phoenixnap.com/pnapctl/common/printer/networkprinter.go:25.10,26.54 1 1
phoenixnap.com/pnapctl/common/printer/networkprinter.go:30.95,33.35 2 1
phoenixnap.com/pnapctl/common/printer/networkprinter.go:37.2,37.20 1 1
phoenixnap.com/pnapctl/common/printer/networkprinter.go:33.35,35.3 1 1
phoenixnap.com/pnapctl/common/printer/printer.go:29.31,33.2 1 1
phoenixnap.com/pnapctl/common/printer/printer.go:37.83,38.28 1 1
phoenixnap.com/pnapctl/common/printer/printer.go:38.28,40.3 1 1
phoenixnap.com/pnapctl/common/printer/printer.go:40.8,40.35 1 1
phoenixnap.com/pnapctl/common/printer/printer.go:40.35,42.3 1 1
phoenixnap.com/pnapctl/common/printer/printer.go:42.8,44.3 1 1
phoenixnap.com/pnapctl/common/printer/printer.go:48.60,50.16 2 1
phoenixnap.com/pnapctl/common/printer/printer.go:54.2,55.12 2 1
phoenixnap.com/pnapctl/common/printer/printer.go:50.16,52.3 1 0
phoenixnap.com/pnapctl/common/printer/printer.go:59.60,61.16 2 1
phoenixnap.com/pnapctl/common/printer/printer.go:65.2,66.12 2 1
phoenixnap.com/pnapctl/common/printer/printer.go:61.16,63.3 1 0
phoenixnap.com/pnapctl/common/printer/printer.go:70.95,76.37 4 1
phoenixnap.com/pnapctl/common/printer/printer.go:84.2,84.15 1 1
phoenixnap.com/pnapctl/common/printer/printer.go:91.2,91.12 1 1
phoenixnap.com/pnapctl/common/printer/printer.go:77.21,79.30 2 1
phoenixnap.com/pnapctl/common/printer/printer.go:80.10,81.26 1 1
phoenixnap.com/pnapctl/common/printer/printer.go:84.15,87.3 2 1
phoenixnap.com/pnapctl/common/printer/printer.go:87.8,87.23 1 1
phoenixnap.com/pnapctl/common/printer/printer.go:87.23,89.3 1 0
phoenixnap.com/pnapctl/common/printer/printer.go:94.27,96.2 1 1
phoenixnap.com/pnapctl/common/printer/quotaprinter.go:9.74,12.2 2 0
phoenixnap.com/pnapctl/common/printer/quotaprinter.go:14.81,17.2 2 0
phoenixnap.com/pnapctl/common/printer/quotaprinter.go:19.74,22.34 2 0
phoenixnap.com/pnapctl/common/printer/quotaprinter.go:26.2,26.18 1 0
phoenixnap.com/pnapctl/common/printer/quotaprinter.go:22.34,24.3 1 0
phoenixnap.com/pnapctl/common/printer/quotaprinter.go:29.65,32.9 2 0
phoenixnap.com/pnapctl/common/printer/quotaprinter.go:33.13,34.36 1 0
phoenixnap.com/pnapctl/common/printer/quotaprinter.go:35.10,36.41 1 0
phoenixnap.com/pnapctl/common/printer/serverprinter.go:9.88,12.2 2 0
phoenixnap.com/pnapctl/common/printer/serverprinter.go:14.95,17.2 2 0
phoenixnap.com/pnapctl/common/printer/serverprinter.go:19.111,22.11 2 0
phoenixnap.com/pnapctl/common/printer/serverprinter.go:22.11,24.3 1 0
phoenixnap.com/pnapctl/common/printer/serverprinter.go:24.8,26.3 1 0
phoenixnap.com/pnapctl/common/printer/serverprinter.go:29.79,32.9 2 1
phoenixnap.com/pnapctl/common/printer/serverprinter.go:33.21,34.42 1 1
phoenixnap.com/pnapctl/common/printer/serverprinter.go:35.22,36.43 1 1
phoenixnap.com/pnapctl/common/printer/serverprinter.go:37.12,38.43 1 1
phoenixnap.com/pnapctl/common/printer/serverprinter.go:39.10,40.44 1 1
phoenixnap.com/pnapctl/common/printer/serverprinter.go:44.88,47.36 2 1
phoenixnap.com/pnapctl/common/printer/serverprinter.go:51.2,51.19 1 1
phoenixnap.com/pnapctl/common/printer/serverprinter.go:47.36,49.3 1 1
phoenixnap.com/pnapctl/common/printer/sshkeyprinter.go:9.88,12.2 2 0
phoenixnap.com/pnapctl/common/printer/sshkeyprinter.go:14.95,17.2 2 0
phoenixnap.com/pnapctl/common/printer/sshkeyprinter.go:19.87,22.35 2 0
phoenixnap.com/pnapctl/common/printer/sshkeyprinter.go:26.2,26.19 1 0
phoenixnap.com/pnapctl/common/printer/sshkeyprinter.go:22.35,24.3 1 0
phoenixnap.com/pnapctl/common/printer/sshkeyprinter.go:29.79,32.9 2 0
phoenixnap.com/pnapctl/common/printer/sshkeyprinter.go:33.21,34.42 1 0
phoenixnap.com/pnapctl/common/printer/sshkeyprinter.go:35.22,36.38 1 0
phoenixnap.com/pnapctl/common/printer/sshkeyprinter.go:37.10,38.44 1 0
phoenixnap.com/pnapctl/commands/update/privatenetwork/updateprivatenetwork.go:32.54,35.17 2 1
phoenixnap.com/pnapctl/commands/update/privatenetwork/updateprivatenetwork.go:40.3,42.60 2 1
phoenixnap.com/pnapctl/commands/update/privatenetwork/updateprivatenetwork.go:35.17,37.4 1 1
phoenixnap.com/pnapctl/commands/update/privatenetwork/updateprivatenetwork.go:42.60,44.4 1 1
phoenixnap.com/pnapctl/commands/update/privatenetwork/updateprivatenetwork.go:44.9,44.24 1 1
phoenixnap.com/pnapctl/commands/update/privatenetwork/updateprivatenetwork.go:44.24,46.4 1 1
phoenixnap.com/pnapctl/commands/update/privatenetwork/updateprivatenetwork.go:46.9,48.4 1 1
phoenixnap.com/pnapctl/commands/update/privatenetwork/updateprivatenetwork.go:52.13,56.2 3 1
phoenixnap.com/pnapctl/common/utils/commandUtils.go:9.43,10.43 1 1
phoenixnap.com/pnapctl/common/utils/commandUtils.go:10.43,12.3 1 1
phoenixnap.com/pnapctl/common/utils/commandUtils.go:12.8,14.3 1 1
phoenixnap.com/pnapctl/common/utils/commandUtils.go:17.88,19.70 2 1
phoenixnap.com/pnapctl/common/utils/commandUtils.go:25.2,25.24 1 1
phoenixnap.com/pnapctl/common/utils/commandUtils.go:19.70,21.3 1 1
phoenixnap.com/pnapctl/common/utils/commandUtils.go:21.8,21.23 1 1
phoenixnap.com/pnapctl/common/utils/commandUtils.go:21.23,23.3 1 1
